{
  "stats": {
    "suites": 2,
    "tests": 3,
    "passes": 3,
    "pending": 0,
    "failures": 0,
    "start": "2025-09-10T17:28:24.281Z",
    "end": "2025-09-10T17:28:24.346Z",
    "duration": 65,
    "testsRegistered": 3,
    "passPercent": 100,
    "pendingPercent": 0,
    "other": 0,
    "hasOther": false,
    "skipped": 0,
    "hasSkipped": false
  },
  "results": [
    {
      "uuid": "ab02ced4-cb7c-4142-ae05-ab2790553233",
      "title": "",
      "fullFile": "C:\\Users\\erine\\Documents\\Pos-Graduação\\Módulo-7-Automação de Testes na Camada de Serviço (API)\\PGATS-02-Modulo-7-API\\test\\rest\\controller\\transferController.test.js",
      "file": "\\test\\rest\\controller\\transferController.test.js",
      "beforeHooks": [
        {
          "title": "\"before all\" hook in \"{root}\"",
          "fullTitle": "\"before all\" hook in \"{root}\"",
          "timedOut": false,
          "duration": 38,
          "state": null,
          "speed": null,
          "pass": false,
          "fail": false,
          "pending": false,
          "context": null,
          "code": "const res = await request(app)\n  .post('/login')\n  .send({ username: 'Maria', password: '123456' });\ntoken = res.body.token;",
          "err": {},
          "uuid": "9c645063-9f1d-457e-804f-190b046810ed",
          "parentUUID": "ab02ced4-cb7c-4142-ae05-ab2790553233",
          "isHook": true,
          "skipped": false
        }
      ],
      "afterHooks": [],
      "tests": [],
      "suites": [
        {
          "uuid": "343ce1e7-211f-4dfe-8233-e9825aa9d110",
          "title": "Transfer Controller",
          "fullFile": "C:\\Users\\erine\\Documents\\Pos-Graduação\\Módulo-7-Automação de Testes na Camada de Serviço (API)\\PGATS-02-Modulo-7-API\\test\\rest\\controller\\transferController.test.js",
          "file": "\\test\\rest\\controller\\transferController.test.js",
          "beforeHooks": [],
          "afterHooks": [],
          "tests": [],
          "suites": [
            {
              "uuid": "3841aa83-4bd1-485f-ae77-436abca7b2b4",
              "title": "POST /transfer",
              "fullFile": "C:\\Users\\erine\\Documents\\Pos-Graduação\\Módulo-7-Automação de Testes na Camada de Serviço (API)\\PGATS-02-Modulo-7-API\\test\\rest\\controller\\transferController.test.js",
              "file": "\\test\\rest\\controller\\transferController.test.js",
              "beforeHooks": [],
              "afterHooks": [],
              "tests": [
                {
                  "title": "Quando informo remetente e destinatario inexistentes recebo 400",
                  "fullTitle": "Transfer Controller POST /transfer Quando informo remetente e destinatario inexistentes recebo 400",
                  "timedOut": false,
                  "duration": 7,
                  "state": "passed",
                  "speed": "fast",
                  "pass": true,
                  "fail": false,
                  "pending": false,
                  "context": null,
                  "code": "const resposta = await request(app)\n  .post('/transfer')\n  .set('Authorization', `Bearer ${token}`)\n  .send({\n    from: 'Jose',\n    to: 'Carlos',\n    amount: 50,\n  });\nexpect(resposta.status).to.equal(400);\nexpect(resposta.body).to.have.property(\n  'error',\n  'Usuário remetente ou destinatário não encontrado',\n);",
                  "err": {},
                  "uuid": "4df7b68f-06f0-410f-947a-48afc2ce6451",
                  "parentUUID": "3841aa83-4bd1-485f-ae77-436abca7b2b4",
                  "isHook": false,
                  "skipped": false
                },
                {
                  "title": "Usando Mocks: Quando informo remetente e destinatario inexistentes recebo 400",
                  "fullTitle": "Transfer Controller POST /transfer Usando Mocks: Quando informo remetente e destinatario inexistentes recebo 400",
                  "timedOut": false,
                  "duration": 6,
                  "state": "passed",
                  "speed": "fast",
                  "pass": true,
                  "fail": false,
                  "pending": false,
                  "context": null,
                  "code": "const transferServiceMock = sinon.stub(transferService, 'transfer');\ntransferServiceMock.throws(\n  new Error('Usuário remetente ou destinatário não encontrado'),\n);\nconst resposta = await request(app)\n  .post('/transfer')\n  .set('Authorization', `Bearer ${token}`)\n  .send({\n    from: 'Rosa',\n    to: 'Bela',\n    amount: 50,\n  });\nexpect(resposta.status).to.equal(400);\nexpect(resposta.body).to.have.property(\n  'error',\n  'Usuário remetente ou destinatário não encontrado',\n);\nsinon.restore();",
                  "err": {},
                  "uuid": "44d28f52-fe4f-4ef7-b864-6ef035d305c0",
                  "parentUUID": "3841aa83-4bd1-485f-ae77-436abca7b2b4",
                  "isHook": false,
                  "skipped": false
                },
                {
                  "title": "Usando Mocks: Quando informo valores válidos eu tenho sucesso com 201 CREATED",
                  "fullTitle": "Transfer Controller POST /transfer Usando Mocks: Quando informo valores válidos eu tenho sucesso com 201 CREATED",
                  "timedOut": false,
                  "duration": 6,
                  "state": "passed",
                  "speed": "fast",
                  "pass": true,
                  "fail": false,
                  "pending": false,
                  "context": null,
                  "code": "const transferServiceMock = sinon.stub(transferService, 'transfer');\ntransferServiceMock.returns({\n  from: 'Maria',\n  to: 'Neia',\n  amount: 100,\n  date: new Date().toISOString(),\n});\nconst resposta = await request(app)\n  .post('/transfer')\n  .set('Authorization', `Bearer ${token}`)\n  .send({\n    from: 'Maria',\n    to: 'Neia',\n    amount: 100,\n  });\nexpect(resposta.status).to.equal(201);\nconst respostaEsperada = require('../fixture/respostas/Quando informo valores válidos eu tenho sucesso com 201 CREATED.json');\ndelete resposta.body.date;\ndelete respostaEsperada.date;\nexpect(resposta.body).to.deep.equal(respostaEsperada);\nsinon.restore();",
                  "err": {},
                  "uuid": "2a256deb-bb9f-405a-88be-4ce9ada89a8a",
                  "parentUUID": "3841aa83-4bd1-485f-ae77-436abca7b2b4",
                  "isHook": false,
                  "skipped": false
                }
              ],
              "suites": [],
              "passes": [
                "4df7b68f-06f0-410f-947a-48afc2ce6451",
                "44d28f52-fe4f-4ef7-b864-6ef035d305c0",
                "2a256deb-bb9f-405a-88be-4ce9ada89a8a"
              ],
              "failures": [],
              "pending": [],
              "skipped": [],
              "duration": 19,
              "root": false,
              "rootEmpty": false,
              "_timeout": 10000
            }
          ],
          "passes": [],
          "failures": [],
          "pending": [],
          "skipped": [],
          "duration": 0,
          "root": false,
          "rootEmpty": false,
          "_timeout": 10000
        }
      ],
      "passes": [],
      "failures": [],
      "pending": [],
      "skipped": [],
      "duration": 0,
      "root": true,
      "rootEmpty": true,
      "_timeout": 10000
    }
  ],
  "meta": {
    "mocha": {
      "version": "11.7.1"
    },
    "mochawesome": {
      "options": {
        "quiet": false,
        "reportFilename": "mochawesome",
        "saveHtml": true,
        "saveJson": true,
        "consoleReporter": "spec",
        "useInlineDiffs": false,
        "code": true
      },
      "version": "7.1.3"
    },
    "marge": {
      "options": null,
      "version": "6.2.0"
    }
  }
}