{
  "stats": {
    "suites": 2,
    "tests": 3,
    "passes": 3,
    "pending": 0,
    "failures": 0,
    "start": "2025-09-10T18:43:24.530Z",
    "end": "2025-09-10T18:43:24.588Z",
    "duration": 58,
    "testsRegistered": 3,
    "passPercent": 100,
    "pendingPercent": 0,
    "other": 0,
    "hasOther": false,
    "skipped": 0,
    "hasSkipped": false
  },
  "results": [
    {
      "uuid": "52f69a77-a5bc-4621-bbff-e81baf1cc18f",
      "title": "",
      "fullFile": "C:\\Users\\erine\\Documents\\Pos-Graduação\\Módulo-7-Automação de Testes na Camada de Serviço (API)\\PGATS-02-Modulo-7-API\\test\\rest\\external\\transferExternal.test.js",
      "file": "\\test\\rest\\external\\transferExternal.test.js",
      "beforeHooks": [],
      "afterHooks": [],
      "tests": [],
      "suites": [
        {
          "uuid": "3a4ad262-0c54-49ac-bd1c-e43113bd0211",
          "title": "Transfer",
          "fullFile": "C:\\Users\\erine\\Documents\\Pos-Graduação\\Módulo-7-Automação de Testes na Camada de Serviço (API)\\PGATS-02-Modulo-7-API\\test\\rest\\external\\transferExternal.test.js",
          "file": "\\test\\rest\\external\\transferExternal.test.js",
          "beforeHooks": [],
          "afterHooks": [],
          "tests": [],
          "suites": [
            {
              "uuid": "2e52b327-3d1c-441b-a37e-7c116fc84bad",
              "title": "POST /transfer",
              "fullFile": "C:\\Users\\erine\\Documents\\Pos-Graduação\\Módulo-7-Automação de Testes na Camada de Serviço (API)\\PGATS-02-Modulo-7-API\\test\\rest\\external\\transferExternal.test.js",
              "file": "\\test\\rest\\external\\transferExternal.test.js",
              "beforeHooks": [
                {
                  "title": "\"before each\" hook in \"POST /transfer\"",
                  "fullTitle": "Transfer POST /transfer \"before each\" hook in \"POST /transfer\"",
                  "timedOut": false,
                  "duration": 3,
                  "state": null,
                  "speed": null,
                  "pass": false,
                  "fail": false,
                  "pending": false,
                  "context": null,
                  "code": "const respostaLogin = await request(process.env.BASE_URL_REST)\n  .post('/login')\n  .send({\n    username: 'Maria',\n    password: '123456',\n  });\ntoken = respostaLogin.body.token;",
                  "err": {},
                  "uuid": "5d2d2bae-7a0a-4ebe-b2db-a8aa162f561f",
                  "parentUUID": "2e52b327-3d1c-441b-a37e-7c116fc84bad",
                  "isHook": true,
                  "skipped": false
                }
              ],
              "afterHooks": [],
              "tests": [
                {
                  "title": "Quando informo remetente e destinatario inexistentes recebo 400",
                  "fullTitle": "Transfer POST /transfer Quando informo remetente e destinatario inexistentes recebo 400",
                  "timedOut": false,
                  "duration": 5,
                  "state": "passed",
                  "speed": "fast",
                  "pass": true,
                  "fail": false,
                  "pending": false,
                  "context": null,
                  "code": "const resposta = await request(process.env.BASE_URL_REST)\n  .post('/transfer')\n  .set('Authorization', `Bearer ${token}`)\n  .send({\n    from: 'Maria',\n    to: 'Rosa',\n    amount: 100,\n  });\nexpect(resposta.status).to.equal(400);\nexpect(resposta.body).to.have.property(\n  'error',\n  'Usuário remetente ou destinatário não encontrado',\n);",
                  "err": {},
                  "uuid": "ed811355-231b-41fb-8ce4-d9c96fd97143",
                  "parentUUID": "2e52b327-3d1c-441b-a37e-7c116fc84bad",
                  "isHook": false,
                  "skipped": false
                },
                {
                  "title": "Usando Mocks: Quando informo remetente e destinatario inexistentes recebo 400",
                  "fullTitle": "Transfer POST /transfer Usando Mocks: Quando informo remetente e destinatario inexistentes recebo 400",
                  "timedOut": false,
                  "duration": 3,
                  "state": "passed",
                  "speed": "fast",
                  "pass": true,
                  "fail": false,
                  "pending": false,
                  "context": null,
                  "code": "const resposta = await request(process.env.BASE_URL_REST)\n  .post('/transfer')\n  .set('Authorization', `Bearer ${token}`)\n  .send({\n    from: 'Maria',\n    to: 'isabelle',\n    amount: 100,\n  });\nexpect(resposta.status).to.equal(400);\nexpect(resposta.body).to.have.property(\n  'error',\n  'Usuário remetente ou destinatário não encontrado',\n);",
                  "err": {},
                  "uuid": "82857c08-1bed-4628-a3ea-dcfc70cf258d",
                  "parentUUID": "2e52b327-3d1c-441b-a37e-7c116fc84bad",
                  "isHook": false,
                  "skipped": false
                },
                {
                  "title": "Usando Mocks: Quando informo valores válidos eu tenho sucesso com 201 CREATED",
                  "fullTitle": "Transfer POST /transfer Usando Mocks: Quando informo valores válidos eu tenho sucesso com 201 CREATED",
                  "timedOut": false,
                  "duration": 5,
                  "state": "passed",
                  "speed": "fast",
                  "pass": true,
                  "fail": false,
                  "pending": false,
                  "context": null,
                  "code": "const resposta = await request(process.env.BASE_URL_REST)\n  .post('/transfer')\n  .set('Authorization', `Bearer ${token}`)\n  .send({\n    from: 'Maria',\n    to: 'Neia',\n    amount: 100,\n  });\nexpect(resposta.status).to.equal(201);\nconst respostaEsperada = require('../fixture/respostas/Quando informo valores válidos eu tenho sucesso com 201 CREATED.json');\ndelete resposta.body.date;\ndelete respostaEsperada.date;\nexpect(resposta.body).to.deep.equal(respostaEsperada);",
                  "err": {},
                  "uuid": "6f5a6b0e-6bdd-4a26-9894-47d0cc3d60ee",
                  "parentUUID": "2e52b327-3d1c-441b-a37e-7c116fc84bad",
                  "isHook": false,
                  "skipped": false
                }
              ],
              "suites": [],
              "passes": [
                "ed811355-231b-41fb-8ce4-d9c96fd97143",
                "82857c08-1bed-4628-a3ea-dcfc70cf258d",
                "6f5a6b0e-6bdd-4a26-9894-47d0cc3d60ee"
              ],
              "failures": [],
              "pending": [],
              "skipped": [],
              "duration": 13,
              "root": false,
              "rootEmpty": false,
              "_timeout": 10000
            }
          ],
          "passes": [],
          "failures": [],
          "pending": [],
          "skipped": [],
          "duration": 0,
          "root": false,
          "rootEmpty": false,
          "_timeout": 10000
        }
      ],
      "passes": [],
      "failures": [],
      "pending": [],
      "skipped": [],
      "duration": 0,
      "root": true,
      "rootEmpty": true,
      "_timeout": 10000
    }
  ],
  "meta": {
    "mocha": {
      "version": "11.7.1"
    },
    "mochawesome": {
      "options": {
        "quiet": false,
        "reportFilename": "mochawesome",
        "saveHtml": true,
        "saveJson": true,
        "consoleReporter": "spec",
        "useInlineDiffs": false,
        "code": true
      },
      "version": "7.1.3"
    },
    "marge": {
      "options": null,
      "version": "6.2.0"
    }
  }
}